0 info it worked if it ends with ok
1 verbose cli [ 'C:\\Program Files\\nodejs\\node.exe',
1 verbose cli   'C:\\Program Files\\nodejs\\node_modules\\npm\\bin\\npm-cli.js',
1 verbose cli   'run',
1 verbose cli   'mock' ]
2 info using npm@3.10.10
3 info using node@v6.11.5
4 verbose run-script [ 'premock', 'mock', 'postmock' ]
5 info lifecycle shop@1.0.0~premock: shop@1.0.0
6 silly lifecycle shop@1.0.0~premock: no script for premock, continuing
7 info lifecycle shop@1.0.0~mock: shop@1.0.0
8 verbose lifecycle shop@1.0.0~mock: unsafe-perm in lifecycle true
9 verbose lifecycle shop@1.0.0~mock: PATH: C:\Program Files\nodejs\node_modules\npm\bin\node-gyp-bin;H:\react\shop\node_modules\.bin;C:\Users\li\bin;D:\Program Files (x86)\Git\mingw32\bin;D:\Program Files (x86)\Git\usr\local\bin;D:\Program Files (x86)\Git\usr\bin;D:\Program Files (x86)\Git\usr\bin;D:\Program Files (x86)\Git\mingw32\bin;D:\Program Files (x86)\Git\usr\bin;C:\Users\li\bin;C:\ProgramData\Oracle\Java\javapath;C:\Program Files (x86)\Intel\iCLS Client;C:\Program Files\Intel\iCLS Client;C:\Windows\system32;C:\Windows;C:\Windows\System32\Wbem;C:\Windows\System32\WindowsPowerShell\v1.0;C:\Program Files (x86)\Intel\Intel(R) Management Engine Components\DAL;C:\Program Files\Intel\Intel(R) Management Engine Components\DAL;C:\Program Files (x86)\Intel\Intel(R) Management Engine Components\IPT;C:\Program Files\Intel\Intel(R) Management Engine Components\IPT;C:\Program Files (x86)\NVIDIA Corporation\PhysX\Common;D:\Program Files (x86)\Git\cmd;F:\mysql-5.7.13\bin;%JAVA_HOME\bin%;%MAVEN_HOME\bin%'C;D:\Program Files (x86)\Git\Program Files\Java\jdk1.8.0_144\bin;C:\Program Files\Intel\WiFi\bin;C:\Program Files\Common Files\Intel\WirelessCommon;D:\Program Files\bin;C:\Program Files (x86)\VanDyke Software\Clients;D:\apache-maven-3.3.9\bin;D:\instantclient_12_1;C:\WINDOWS\system32;C:\WINDOWS;C:\WINDOWS\System32\Wbem;C:\WINDOWS\System32\WindowsPowerShell\v1.0;C:\Program Files\Java\jdk1.8.0_144\bin;D:\Program Files (x86)\VisualSVN\bin;C:\Program Files\nodejs;D:\Program Files\Ruby25-x64\bin;C:\Program Files\Intel\WiFi\bin;C:\Program Files\Common Files\Intel\WirelessCommon;C:\Program Files (x86)\VanDyke Software\Clients;C:\Users\li\AppData\Local\Microsoft\WindowsApps;C:\Users\li\AppData\Roaming\npm;D:\Program Files (x86)\Git\usr\bin\vendor_perl;D:\Program Files (x86)\Git\usr\bin\core_perl
10 verbose lifecycle shop@1.0.0~mock: CWD: H:\react\shop
11 silly lifecycle shop@1.0.0~mock: Args: [ '/d /s /c', 'node --harmony ./mock/server.js' ]
12 silly lifecycle shop@1.0.0~mock: Returned: code: 1  signal: null
13 info lifecycle shop@1.0.0~mock: Failed to exec mock script
14 verbose stack Error: shop@1.0.0 mock: `node --harmony ./mock/server.js`
14 verbose stack Exit status 1
14 verbose stack     at EventEmitter.<anonymous> (C:\Program Files\nodejs\node_modules\npm\lib\utils\lifecycle.js:255:16)
14 verbose stack     at emitTwo (events.js:106:13)
14 verbose stack     at EventEmitter.emit (events.js:191:7)
14 verbose stack     at ChildProcess.<anonymous> (C:\Program Files\nodejs\node_modules\npm\lib\utils\spawn.js:40:14)
14 verbose stack     at emitTwo (events.js:106:13)
14 verbose stack     at ChildProcess.emit (events.js:191:7)
14 verbose stack     at maybeClose (internal/child_process.js:920:16)
14 verbose stack     at Process.ChildProcess._handle.onexit (internal/child_process.js:230:5)
15 verbose pkgid shop@1.0.0
16 verbose cwd H:\react\shop
17 error Windows_NT 10.0.16299
18 error argv "C:\\Program Files\\nodejs\\node.exe" "C:\\Program Files\\nodejs\\node_modules\\npm\\bin\\npm-cli.js" "run" "mock"
19 error node v6.11.5
20 error npm  v3.10.10
21 error code ELIFECYCLE
22 error shop@1.0.0 mock: `node --harmony ./mock/server.js`
22 error Exit status 1
23 error Failed at the shop@1.0.0 mock script 'node --harmony ./mock/server.js'.
23 error Make sure you have the latest version of node.js and npm installed.
23 error If you do, this is most likely a problem with the shop package,
23 error not with npm itself.
23 error Tell the author that this fails on your system:
23 error     node --harmony ./mock/server.js
23 error You can get information on how to open an issue for this project with:
23 error     npm bugs shop
23 error Or if that isn't available, you can get their info via:
23 error     npm owner ls shop
23 error There is likely additional logging output above.
24 verbose exit [ 1, true ]
